<?xml version="1.0" encoding="UTF-8"?>
<testsuites name="Test Suite1" time="93.061" tests="1" failures="0" errors="0">
   <testsuite name="Test Suite1" tests="1" failures="0" errors="0" time="93.061" skipped="0" timestamp="2023-06-15 16:57:40" hostname="manisha.kamble - INBL01LAP30379.brd.g-c-i.com" id="Test Suites/Test Suite1">
      <properties>
         <property name="deviceName"/>
         <property name="devicePlatform" value="WINDOWS"/>
         <property name="logFolder" value="C:\\Users\\manisha.kamble\\git\\FinalTest_Ops\\Reports\\20230615_165723\\Test Suite1\\20230615_165723"/>
         <property name="logFiles" value="C:\\Users\\manisha.kamble\\git\\FinalTest_Ops\\Reports\\20230615_165723\\Test Suite1\\20230615_165723\\execution0.log"/>
         <property name="attachments" value=""/>
         <property name="hostName" value="manisha.kamble - INBL01LAP30379.brd.g-c-i.com"/>
         <property name="remoteDriverUrl" value="testcloud.katalon.com/hub"/>
         <property name="desiredCapabilities" value="{
  &quot;networkConnectionEnabled&quot;: false,
  &quot;chrome&quot;: {
    &quot;chromedriverVersion&quot;: &quot;110.0.5481.30 (aedb656755c469651f01505a4f15e153fc606a1e-refs/branch-heads/5481@{#191})&quot;,
    &quot;userDataDir&quot;: &quot;C:\\Program Files (x86)\\scoped_dir6772_2028240266&quot;
  },
  &quot;se:cdpVersion&quot;: &quot;110.0.5481.104&quot;,
  &quot;timeouts&quot;: {
    &quot;implicit&quot;: 0,
    &quot;pageLoad&quot;: 300000,
    &quot;script&quot;: 30000
  },
  &quot;pageLoadStrategy&quot;: &quot;normal&quot;,
  &quot;unhandledPromptBehavior&quot;: &quot;dismiss and notify&quot;,
  &quot;strictFileInteractability&quot;: false,
  &quot;platform&quot;: &quot;WINDOWS&quot;,
  &quot;se:cdp&quot;: &quot;ws://10.0.2.15:4444/session/b6cc72b345b95ea486dfa56151da9bb2/se/cdp&quot;,
  &quot;proxy&quot;: {
    &quot;proxyType&quot;: &quot;DIRECT&quot;,
    &quot;autodetect&quot;: false
  },
  &quot;goog:chromeOptions&quot;: {
    &quot;debuggerAddress&quot;: &quot;localhost:49845&quot;
  },
  &quot;requestId&quot;: &quot;565044e8-0d29-4e2f-9812-afb309fa1300&quot;,
  &quot;webauthn:extension:credBlob&quot;: true,
  &quot;acceptInsecureCerts&quot;: false,
  &quot;browserVersion&quot;: &quot;110.0.0.0&quot;,
  &quot;browserName&quot;: &quot;chrome&quot;,
  &quot;javascriptEnabled&quot;: true,
  &quot;katalon:option&quot;: {
    &quot;unlimitedExecutionMinutes&quot;: true,
    &quot;userId&quot;: 1215677,
    &quot;organizationId&quot;: &quot;1191570&quot;,
    &quot;class&quot;: &quot;com.katalon.testcloud.grid.common.tunnel.domain.UserOptionCapability&quot;,
    &quot;runFromTestCloud&quot;: true,
    &quot;usingTunnel&quot;: false
  },
  &quot;platformName&quot;: &quot;WINDOWS&quot;,
  &quot;setWindowRect&quot;: true,
  &quot;webauthn:extension:largeBlob&quot;: true,
  &quot;webauthn:virtualAuthenticators&quot;: true
}"/>
         <property name="os" value="Windows 10 64bit"/>
         <property name="remoteOS" value="Windows"/>
         <property name="katalonVersion" value="8.6.0.208"/>
         <property name="browser" value="Chrome 110.0.0.0"/>
         <property name="hostAddress" value="192.168.100.158"/>
         <property name="sessionId" value="b6cc72b345b95ea486dfa56151da9bb2"/>
         <property name="seleniumVersion" value="3.141.59"/>
         <property name="proxyInformation" value="ProxyInformation { proxyOption=NO_PROXY, proxyServerType=HTTP, username=, password=********, proxyServerAddress=, proxyServerPort=0, executionList=&quot;&quot;, isApplyToDesiredCapabilities=true }"/>
         <property name="platform" value="Windows 10"/>
      </properties>
      <testcase name="Test Cases/Test Case1" time="92.78" classname="Test Cases/Test Case1" status="PASSED">
         <system-out><![CDATA[2023-06-15 16:57:40 - [TEST_CASE][PASSED] - Test Cases/Test Case1: Test Cases/Test Case1

2023-06-15 16:57:41 - [TEST_STEP][PASSED] - openBrowser(""): Browser is opened with url: ''

2023-06-15 16:57:41 - [MESSAGE][INFO] - User set preference: ['os', 'windows']

2023-06-15 16:57:41 - [MESSAGE][INFO] - User set preference: ['browserName', 'chrome']

2023-06-15 16:57:41 - [MESSAGE][INFO] - User set preference: ['browserVersion', '110']

2023-06-15 16:57:41 - [MESSAGE][INFO] - User set preference: ['katalon:option', '{organizationId=1191570, tunnelId=, usingTunnel=false}']

2023-06-15 16:57:41 - [MESSAGE][INFO] - Connecting to remote web server 'testcloud.katalon.com/hub' with type 'Selenium'

2023-06-15 16:57:42 - [MESSAGE][INFO] - Action delay is set to 0 milliseconds

2023-06-15 16:59:03 - [MESSAGE][PASSED] - Browser is opened with url: ''

2023-06-15 16:59:03 - [TEST_STEP][PASSED] - navigateToUrl("https://www.youtube.com"): Navigate to 'https://www.youtube.com' successfully

2023-06-15 16:59:10 - [MESSAGE][PASSED] - Navigate to 'https://www.youtube.com' successfully

2023-06-15 16:59:10 - [TEST_STEP][PASSED] - closeBrowser(): Browser is closed

2023-06-15 16:59:13 - [MESSAGE][PASSED] - Browser is closed]]></system-out>
         <system-err><![CDATA[]]></system-err>
      </testcase>
      <system-out><![CDATA[2023-06-15 16:57:40 - [TEST_SUITE][PASSED] - Test Suite1: Test Cases/Test Case1]]></system-out>
      <system-err><![CDATA[]]></system-err>
   </testsuite>
</testsuites>
